[debug] [2021-01-05T15:17:02.928Z] ----------------------------------------------------------------------
[debug] [2021-01-05T15:17:02.929Z] Command:       /home/wander/.nvm/versions/node/v14.15.1/bin/node /usr/local/bin/firebase init
[debug] [2021-01-05T15:17:02.930Z] CLI Version:   8.19.0
[debug] [2021-01-05T15:17:02.930Z] Platform:      linux
[debug] [2021-01-05T15:17:02.930Z] Node Version:  v14.15.1
[debug] [2021-01-05T15:17:02.930Z] Time:          Tue Jan 05 2021 16:17:02 GMT+0100 (Central European Standard Time)
[debug] [2021-01-05T15:17:02.930Z] ----------------------------------------------------------------------
[debug] [2021-01-05T15:17:02.930Z] 
[debug] [2021-01-05T15:17:02.931Z] >>> [apiv2][query] GET https://firebase-public.firebaseio.com/cli.json [none]
[debug] [2021-01-05T15:17:02.943Z] > command requires scopes: ["email","openid","https://www.googleapis.com/auth/cloudplatformprojects.readonly","https://www.googleapis.com/auth/firebase","https://www.googleapis.com/auth/cloud-platform"]
[debug] [2021-01-05T15:17:02.944Z] > authorizing via signed-in user
[info] 
     ######## #### ########  ######## ########     ###     ######  ########
     ##        ##  ##     ## ##       ##     ##  ##   ##  ##       ##
     ######    ##  ########  ######   ########  #########  ######  ######
     ##        ##  ##    ##  ##       ##     ## ##     ##       ## ##
     ##       #### ##     ## ######## ########  ##     ##  ######  ########

You're about to initialize a Firebase project in this directory:

  /home/wander/Code/vue/chat_app/vue-firebase-chatt

[debug] [2021-01-05T15:17:03.342Z] <<< [apiv2][status] GET https://firebase-public.firebaseio.com/cli.json 200
[debug] [2021-01-05T15:17:03.343Z] <<< [apiv2][body] GET https://firebase-public.firebaseio.com/cli.json {"cloudBuildErrorAfter":1594252800000,"cloudBuildWarnAfter":1590019200000,"defaultNode10After":1594252800000,"minVersion":"3.0.5","node8DeploysDisabledAfter":1613390400000,"node8RuntimeDisabledAfter":1615809600000,"node8WarnAfter":1600128000000}
